Using pre-set license
Built from '2020.3/staging' branch; Version is '2020.3.10f1 (297d780c91bc) revision 2719096'; Using compiler version '192528614'; Build Type 'Release'
OS: 'Windows 10 Pro; OS build 19042.1288; Version 2009; 64bit' Language: 'es' Physical Memory: 32712 MB
BatchMode: 1, IsHumanControllingUs: 0, StartBugReporterOnCrash: 0, Is64bit: 1, IsPro: 0

 COMMAND LINE ARGUMENTS:
C:\Program Files\Unity\Hub\Editor\2020.3.10f1\Editor\Unity.exe
-adb2
-batchMode
-noUpm
-name
AssetImportWorker0
-projectPath
C:/Users/PERSONAL/OneDrive/Documentos/Semestre7/Motor de videojuegos/Practicas/PracticaAnimaciones/Practica2
-logFile
Logs/AssetImportWorker0.log
-srvPort
54687
Successfully changed project path to: C:/Users/PERSONAL/OneDrive/Documentos/Semestre7/Motor de videojuegos/Practicas/PracticaAnimaciones/Practica2
C:/Users/PERSONAL/OneDrive/Documentos/Semestre7/Motor de videojuegos/Practicas/PracticaAnimaciones/Practica2
Using Asset Import Pipeline V2.
Refreshing native plugins compatible for Editor in 31.06 ms, found 2 plugins.
Preloading 0 native plugins for Editor in 0.00 ms.
Initialize engine version: 2020.3.10f1 (297d780c91bc)
[Subsystems] Discovering subsystems at path C:/Program Files/Unity/Hub/Editor/2020.3.10f1/Editor/Data/Resources/UnitySubsystems
[Subsystems] Discovering subsystems at path C:/Users/PERSONAL/OneDrive/Documentos/Semestre7/Motor de videojuegos/Practicas/PracticaAnimaciones/Practica2/Assets
GfxDevice: creating device client; threaded=0
Direct3D:
    Version:  Direct3D 11.0 [level 11.1]
    Renderer: NVIDIA GeForce RTX 3070 (ID=0x2484)
    Vendor:   
    VRAM:     8043 MB
    Driver:   27.21.14.6627
Initialize mono
Mono path[0] = 'C:/Program Files/Unity/Hub/Editor/2020.3.10f1/Editor/Data/Managed'
Mono path[1] = 'C:/Program Files/Unity/Hub/Editor/2020.3.10f1/Editor/Data/MonoBleedingEdge/lib/mono/unityjit'
Mono config path = 'C:/Program Files/Unity/Hub/Editor/2020.3.10f1/Editor/Data/MonoBleedingEdge/etc'
Using monoOptions --debugger-agent=transport=dt_socket,embedding=1,server=y,suspend=n,address=127.0.0.1:56248
Begin MonoManager ReloadAssembly
Registering precompiled unity dll's ...
Register platform support module: C:/Program Files/Unity/Hub/Editor/2020.3.10f1/Editor/Data/PlaybackEngines/WindowsStandaloneSupport/UnityEditor.WindowsStandalone.Extensions.dll
Registered in 0.002151 seconds.
Native extension for WindowsStandalone target not found
Refreshing native plugins compatible for Editor in 31.89 ms, found 2 plugins.
Preloading 0 native plugins for Editor in 0.00 ms.
Mono: successfully reloaded assembly
- Completed reload, in  0.913 seconds
Platform modules already initialized, skipping
Registering precompiled user dll's ...
Registered in 0.004591 seconds.
Begin MonoManager ReloadAssembly
Native extension for WindowsStandalone target not found
Refreshing native plugins compatible for Editor in 33.11 ms, found 2 plugins.
Preloading 0 native plugins for Editor in 0.00 ms.
Mono: successfully reloaded assembly
- Completed reload, in  0.915 seconds
Platform modules already initialized, skipping
========================================================================
Worker process is ready to serve import requests
Launched and connected shader compiler UnityShaderCompiler.exe after 0.03 seconds
Refreshing native plugins compatible for Editor in 0.38 ms, found 2 plugins.
Preloading 0 native plugins for Editor in 0.00 ms.
Unloading 1847 Unused Serialized files (Serialized files now loaded: 0)
System memory in use before: 83.6 MB.
System memory in use after: 83.6 MB.

Unloading 22 unused Assets to reduce memory usage. Loaded Objects now: 2283.
Total: 1.920400 ms (FindLiveObjects: 0.172200 ms CreateObjectMapping: 0.041100 ms MarkObjects: 1.627500 ms  DeleteObjects: 0.078600 ms)

========================================================================
Received Import Request.
  path: Assets/Characters/Scripts/TransicionMovimiento.cs
  artifactKey: Guid(92ccea7b285c201498b141d29f8b84c2) Importer(815301076,1909f56bfc062723c751e8b465ee728b)
Start importing Assets/Characters/Scripts/TransicionMovimiento.cs using Guid(92ccea7b285c201498b141d29f8b84c2) Importer(815301076,1909f56bfc062723c751e8b465ee728b)  -> (artifact id: 'fb52edfe2ba5085b2b52ecd59d0af471') in 0.022710 seconds
  Import took 0.025091 seconds .

========================================================================
Received Prepare
Registering precompiled user dll's ...
Registered in 0.004725 seconds.
Begin MonoManager ReloadAssembly
Native extension for WindowsStandalone target not found
Refreshing native plugins compatible for Editor in 0.40 ms, found 2 plugins.
Preloading 0 native plugins for Editor in 0.00 ms.
Mono: successfully reloaded assembly
- Completed reload, in  0.804 seconds
Platform modules already initialized, skipping
Refreshing native plugins compatible for Editor in 0.39 ms, found 2 plugins.
Preloading 0 native plugins for Editor in 0.00 ms.
Unloading 1838 Unused Serialized files (Serialized files now loaded: 0)
System memory in use before: 83.3 MB.
System memory in use after: 83.4 MB.

Unloading 15 unused Assets to reduce memory usage. Loaded Objects now: 2286.
Total: 1.801400 ms (FindLiveObjects: 0.173800 ms CreateObjectMapping: 0.039900 ms MarkObjects: 1.536400 ms  DeleteObjects: 0.050400 ms)

========================================================================
Received Import Request.
  Time since last request: 117.559670 seconds.
  path: Assets/Characters/Scripts/TransicionMovimiento.cs
  artifactKey: Guid(92ccea7b285c201498b141d29f8b84c2) Importer(815301076,1909f56bfc062723c751e8b465ee728b)
Start importing Assets/Characters/Scripts/TransicionMovimiento.cs using Guid(92ccea7b285c201498b141d29f8b84c2) Importer(815301076,1909f56bfc062723c751e8b465ee728b)  -> (artifact id: 'e0a3c2484e475b3f7cb0577352a79cd2') in 0.004922 seconds
  Import took 0.007334 seconds .

========================================================================
Received Prepare
Registering precompiled user dll's ...
Registered in 0.004198 seconds.
Begin MonoManager ReloadAssembly
Native extension for WindowsStandalone target not found
Refreshing native plugins compatible for Editor in 0.39 ms, found 2 plugins.
Preloading 0 native plugins for Editor in 0.00 ms.
Mono: successfully reloaded assembly
- Completed reload, in  0.792 seconds
Platform modules already initialized, skipping
Refreshing native plugins compatible for Editor in 0.42 ms, found 2 plugins.
Preloading 0 native plugins for Editor in 0.00 ms.
Unloading 1838 Unused Serialized files (Serialized files now loaded: 0)
System memory in use before: 83.4 MB.
System memory in use after: 83.5 MB.

Unloading 15 unused Assets to reduce memory usage. Loaded Objects now: 2289.
Total: 2.249900 ms (FindLiveObjects: 0.194600 ms CreateObjectMapping: 0.042000 ms MarkObjects: 1.942700 ms  DeleteObjects: 0.069300 ms)

